<?xml version="1.0" encoding="UTF-8"?>
<!-- Generated by org.testng.reporters.JUnitReportReporter -->
<testsuite hostname="LAPTOP-KDQ9TCCH" failures="0" tests="1" name="TestClass.SwagLabLoginTest1" time="8.301" errors="0" timestamp="2023-11-27T16:24:48 IST" skipped="0">
  <testcase classname="TestClass.SwagLabLoginTest1" name="VerifyTitle" time="8.301"/>
</testsuite> <!-- TestClass.SwagLabLoginTest1 -->
